Using pre-set license
Built from '2021.3/staging' branch; Version is '2021.3.10f1 (1c7d0df0160b) revision 1867021'; Using compiler version '192829333'; Build Type 'Release'
OS: 'Windows 10  (10.0.19045) 64bit Core' Language: 'en' Physical Memory: 32533 MB
BatchMode: 1, IsHumanControllingUs: 0, StartBugReporterOnCrash: 0, Is64bit: 1, IsPro: 1

COMMAND LINE ARGUMENTS:
F:\unity\unityEditor\2021.3.10f1\Editor\Unity.exe
-adb2
-batchMode
-noUpm
-name
AssetImportWorker6
-projectPath
E:/teamProject/planet_map/planet
-logFile
Logs/AssetImportWorker6.log
-srvPort
63409
Successfully changed project path to: E:/teamProject/planet_map/planet
E:/teamProject/planet_map/planet
[UnityMemory] Configuration Parameters - Can be set up in boot.config
    "memorysetup-bucket-allocator-granularity=16"
    "memorysetup-bucket-allocator-bucket-count=8"
    "memorysetup-bucket-allocator-block-size=33554432"
    "memorysetup-bucket-allocator-block-count=8"
    "memorysetup-main-allocator-block-size=16777216"
    "memorysetup-thread-allocator-block-size=16777216"
    "memorysetup-gfx-main-allocator-block-size=16777216"
    "memorysetup-gfx-thread-allocator-block-size=16777216"
    "memorysetup-cache-allocator-block-size=4194304"
    "memorysetup-typetree-allocator-block-size=2097152"
    "memorysetup-profiler-bucket-allocator-granularity=16"
    "memorysetup-profiler-bucket-allocator-bucket-count=8"
    "memorysetup-profiler-bucket-allocator-block-size=33554432"
    "memorysetup-profiler-bucket-allocator-block-count=8"
    "memorysetup-profiler-allocator-block-size=16777216"
    "memorysetup-profiler-editor-allocator-block-size=1048576"
    "memorysetup-temp-allocator-size-main=16777216"
    "memorysetup-job-temp-allocator-block-size=2097152"
    "memorysetup-job-temp-allocator-block-size-background=1048576"
    "memorysetup-job-temp-allocator-reduction-small-platforms=262144"
    "memorysetup-temp-allocator-size-background-worker=32768"
    "memorysetup-temp-allocator-size-job-worker=262144"
    "memorysetup-temp-allocator-size-preload-manager=33554432"
    "memorysetup-temp-allocator-size-nav-mesh-worker=65536"
    "memorysetup-temp-allocator-size-audio-worker=65536"
    "memorysetup-temp-allocator-size-cloud-worker=32768"
    "memorysetup-temp-allocator-size-gi-baking-worker=262144"
    "memorysetup-temp-allocator-size-gfx=262144"
Refreshing native plugins compatible for Editor in 81.04 ms, found 3 plugins.
Preloading 0 native plugins for Editor in 0.00 ms.
Initialize engine version: 2021.3.10f1 (1c7d0df0160b)
[Subsystems] Discovering subsystems at path F:/unity/unityEditor/2021.3.10f1/Editor/Data/Resources/UnitySubsystems
[Subsystems] Discovering subsystems at path E:/teamProject/planet_map/planet/Assets
GfxDevice: creating device client; threaded=0; jobified=0
Direct3D:
    Version:  Direct3D 11.0 [level 11.1]
    Renderer: NVIDIA GeForce RTX 2070 with Max-Q Design (ID=0x1f14)
    Vendor:   NVIDIA
    VRAM:     8031 MB
    Driver:   30.0.15.1278
Initialize mono
Mono path[0] = 'F:/unity/unityEditor/2021.3.10f1/Editor/Data/Managed'
Mono path[1] = 'F:/unity/unityEditor/2021.3.10f1/Editor/Data/MonoBleedingEdge/lib/mono/unityjit-win32'
Mono config path = 'F:/unity/unityEditor/2021.3.10f1/Editor/Data/MonoBleedingEdge/etc'
Using monoOptions --debugger-agent=transport=dt_socket,embedding=1,server=y,suspend=n,address=127.0.0.1:56016
Begin MonoManager ReloadAssembly
Registering precompiled unity dll's ...
Register platform support module: F:/unity/unityEditor/2021.3.10f1/Editor/Data/PlaybackEngines/AndroidPlayer/UnityEditor.Android.Extensions.dll
Register platform support module: F:/unity/unityEditor/2021.3.10f1/Editor/Data/PlaybackEngines/WindowsStandaloneSupport/UnityEditor.WindowsStandalone.Extensions.dll
Registered in 0.003804 seconds.
Native extension for WindowsStandalone target not found
Native extension for Android target not found
Refreshing native plugins compatible for Editor in 82.32 ms, found 3 plugins.
Preloading 0 native plugins for Editor in 0.00 ms.
Mono: successfully reloaded assembly
- Completed reload, in  0.623 seconds
Domain Reload Profiling:
	ReloadAssembly (624ms)
		BeginReloadAssembly (87ms)
			ExecutionOrderSort (0ms)
			DisableScriptedObjects (0ms)
			BackupInstance (0ms)
			ReleaseScriptingObjects (0ms)
			CreateAndSetChildDomain (1ms)
		EndReloadAssembly (440ms)
			LoadAssemblies (86ms)
			RebuildTransferFunctionScriptingTraits (0ms)
			SetupTypeCache (99ms)
			ReleaseScriptCaches (0ms)
			RebuildScriptCaches (27ms)
			SetupLoadedEditorAssemblies (271ms)
				LogAssemblyErrors (0ms)
				InitializePlatformSupportModulesInManaged (50ms)
				SetLoadedEditorAssemblies (0ms)
				RefreshPlugins (82ms)
				BeforeProcessingInitializeOnLoad (1ms)
				ProcessInitializeOnLoadAttributes (95ms)
				ProcessInitializeOnLoadMethodAttributes (42ms)
				AfterProcessingInitializeOnLoad (0ms)
				EditorAssembliesLoaded (0ms)
			ExecutionOrderSort2 (0ms)
			AwakeInstancesAfterBackupRestoration (0ms)
Platform modules already initialized, skipping
Registering precompiled user dll's ...
Registered in 0.004815 seconds.
Begin MonoManager ReloadAssembly
Symbol file LoadedFromMemory doesn't match image E:\teamProject\planet_map\planet\Library\PackageCache\com.unity.visualscripting@1.7.8\Editor\VisualScripting.Core\Dependencies\YamlDotNet\Unity.VisualScripting.YamlDotNet.dll
Symbol file LoadedFromMemory doesn't match image E:\teamProject\planet_map\planet\Library\PackageCache\com.unity.visualscripting@1.7.8\Editor\VisualScripting.Core\Dependencies\DotNetZip\Unity.VisualScripting.IonicZip.dll
Native extension for WindowsStandalone target not found
Native extension for Android target not found
Refreshing native plugins compatible for Editor in 80.94 ms, found 3 plugins.
Preloading 0 native plugins for Editor in 0.00 ms.
Mono: successfully reloaded assembly
- Completed reload, in  1.200 seconds
Domain Reload Profiling:
	ReloadAssembly (1201ms)
		BeginReloadAssembly (218ms)
			ExecutionOrderSort (0ms)
			DisableScriptedObjects (5ms)
			BackupInstance (0ms)
			ReleaseScriptingObjects (0ms)
			CreateAndSetChildDomain (125ms)
		EndReloadAssembly (884ms)
			LoadAssemblies (88ms)
			RebuildTransferFunctionScriptingTraits (0ms)
			SetupTypeCache (243ms)
			ReleaseScriptCaches (1ms)
			RebuildScriptCaches (49ms)
			SetupLoadedEditorAssemblies (480ms)
				LogAssemblyErrors (0ms)
				InitializePlatformSupportModulesInManaged (10ms)
				SetLoadedEditorAssemblies (0ms)
				RefreshPlugins (81ms)
				BeforeProcessingInitializeOnLoad (83ms)
				ProcessInitializeOnLoadAttributes (277ms)
				ProcessInitializeOnLoadMethodAttributes (25ms)
				AfterProcessingInitializeOnLoad (3ms)
				EditorAssembliesLoaded (0ms)
			ExecutionOrderSort2 (0ms)
			AwakeInstancesAfterBackupRestoration (5ms)
Platform modules already initialized, skipping
========================================================================
Worker process is ready to serve import requests
Launched and connected shader compiler UnityShaderCompiler.exe after 0.04 seconds
Refreshing native plugins compatible for Editor in 0.57 ms, found 3 plugins.
Preloading 0 native plugins for Editor in 0.00 ms.
Unloading 3663 Unused Serialized files (Serialized files now loaded: 0)
Unloading 50 unused Assets / (0.7 MB). Loaded Objects now: 4143.
Memory consumption went from 146.4 MB to 145.7 MB.
Total: 3.595900 ms (FindLiveObjects: 0.295100 ms CreateObjectMapping: 0.241800 ms MarkObjects: 2.872600 ms  DeleteObjects: 0.185500 ms)

AssetImportParameters requested are different than current active one (requested -> active):
  custom:video-decoder-ogg-theora: a1e56fd34408186e4bbccfd4996cb3dc -> 
  custom:container-muxer-webm: aa71ff27fc2769a1b78a27578f13a17b -> 
  custom:container-demuxer-webm: 4f35f7cbe854078d1ac9338744f61a02 -> 
  custom:video-encoder-webm-vp8: eb34c28f22e8b96e1ab97ce403110664 -> 
  custom:audio-encoder-webm-vorbis: bf7c407c2cedff20999df2af8eb42d56 -> 
  custom:framework-win-MediaFoundation: 216162199b28c13a410421893ffa2e32 -> 
  custom:container-demuxer-ogg: 62fdf1f143b41e24485cea50d1cbac27 -> 
  custom:video-decoder-webm-vp8: 9c59270c3fd7afecdb556c50c9e8de78 -> 
  custom:audio-decoder-ogg-vorbis: bf7c407c2cedff20999df2af8eb42d56 -> 
========================================================================
Received Import Request.
  Time since last request: 160223.417470 seconds.
  path: Assets/textures/forest_ground_04_disp_4k.png
  artifactKey: Guid(9e2e9de7e8bd4df459736d510ee896bb) Importer(815301076,1909f56bfc062723c751e8b465ee728b)
Start importing Assets/textures/forest_ground_04_disp_4k.png using Guid(9e2e9de7e8bd4df459736d510ee896bb) Importer(815301076,1909f56bfc062723c751e8b465ee728b)  -> (artifact id: '5ec6f18891d83e96ab8226735f3c76d8') in 0.091818 seconds 
========================================================================
Received Import Request.
  Time since last request: 391.534543 seconds.
  path: Assets/texture/mossLayer/coast_sand_rocks_02_disp_4k.png
  artifactKey: Guid(528099ef1cd1c1243a06f4a7f7cea299) Importer(815301076,1909f56bfc062723c751e8b465ee728b)
Start importing Assets/texture/mossLayer/coast_sand_rocks_02_disp_4k.png using Guid(528099ef1cd1c1243a06f4a7f7cea299) Importer(815301076,1909f56bfc062723c751e8b465ee728b)  -> (artifact id: 'd7a296081f27674150bfa5a853708116') in 0.018934 seconds 
========================================================================
Received Import Request.
  Time since last request: 0.000021 seconds.
  path: Assets/texture/mossLayer/coast_sand_rocks_02_nor_gl_4k.exr
  artifactKey: Guid(dc5828d1fca0532408cf8c0b6eef8540) Importer(815301076,1909f56bfc062723c751e8b465ee728b)
Start importing Assets/texture/mossLayer/coast_sand_rocks_02_nor_gl_4k.exr using Guid(dc5828d1fca0532408cf8c0b6eef8540) Importer(815301076,1909f56bfc062723c751e8b465ee728b)  -> (artifact id: '4208cba9898a90c44b5bca27a3e43bce') in 0.031795 seconds 
========================================================================
Received Import Request.
  Time since last request: 1027.795293 seconds.
  path: Assets/moss_layer.terrainlayer
  artifactKey: Guid(d92563b0fc675dc4382ea0f15642b030) Importer(815301076,1909f56bfc062723c751e8b465ee728b)
Start importing Assets/moss_layer.terrainlayer using Guid(d92563b0fc675dc4382ea0f15642b030) Importer(815301076,1909f56bfc062723c751e8b465ee728b)  -> (artifact id: '14c225b264f0e59781eb57f2bf5a6865') in 0.079060 seconds 
========================================================================
Received Import Request.
  Time since last request: 1678.705557 seconds.
  path: Assets/Tree_Textures/normal_specular.png
  artifactKey: Guid(37847c654133be5428d649f3289f95cc) Importer(815301076,1909f56bfc062723c751e8b465ee728b)
Start importing Assets/Tree_Textures/normal_specular.png using Guid(37847c654133be5428d649f3289f95cc) Importer(815301076,1909f56bfc062723c751e8b465ee728b)  -> (artifact id: '29b777709058250a3825e992911ba0d5') in 0.027533 seconds 
========================================================================
Received Import Request.
  Time since last request: 0.000036 seconds.
  path: Assets/Tree_Textures/shadow.png
  artifactKey: Guid(2b104a24ace77ff438f526182b802d67) Importer(815301076,1909f56bfc062723c751e8b465ee728b)
Start importing Assets/Tree_Textures/shadow.png using Guid(2b104a24ace77ff438f526182b802d67) Importer(815301076,1909f56bfc062723c751e8b465ee728b)  -> (artifact id: '458387514c1458f6f2bb15ec77f614e2') in 0.034623 seconds 
========================================================================
Received Import Request.
  Time since last request: 5005.095127 seconds.
  path: Assets/texture/grassy_base/grassy_cobblestone_disp_4k.png
  artifactKey: Guid(d77886d21db075548ab4e851da48ccb9) Importer(815301076,1909f56bfc062723c751e8b465ee728b)
Start importing Assets/texture/grassy_base/grassy_cobblestone_disp_4k.png using Guid(d77886d21db075548ab4e851da48ccb9) Importer(815301076,1909f56bfc062723c751e8b465ee728b)  -> (artifact id: 'a0b5d732d0d82e703f9cf8e8d825a6a0') in 0.053530 seconds 
========================================================================
Received Import Request.
  Time since last request: 0.000071 seconds.
  path: Assets/texture/grassy_base/grassy_cobblestone_mask_4k.png
  artifactKey: Guid(7164e79895474504ca5e66d5de4fcfc6) Importer(815301076,1909f56bfc062723c751e8b465ee728b)
Start importing Assets/texture/grassy_base/grassy_cobblestone_mask_4k.png using Guid(7164e79895474504ca5e66d5de4fcfc6) Importer(815301076,1909f56bfc062723c751e8b465ee728b)  -> (artifact id: '036ca23e1d4b638b735ac9e8e34ad7f2') in 0.029201 seconds 
========================================================================
Received Import Request.
  Time since last request: 36.117166 seconds.
  path: Assets/texture/mud_base/mud_cracked_dry_riverbed_002_disp_4k.png
  artifactKey: Guid(1deeb527655e6f64ca0521207392e9a0) Importer(815301076,1909f56bfc062723c751e8b465ee728b)
Start importing Assets/texture/mud_base/mud_cracked_dry_riverbed_002_disp_4k.png using Guid(1deeb527655e6f64ca0521207392e9a0) Importer(815301076,1909f56bfc062723c751e8b465ee728b)  -> (artifact id: 'af664f3b5f95f433a9085b7c55a5e984') in 0.044830 seconds 
========================================================================
Received Import Request.
  Time since last request: 0.000034 seconds.
  path: Assets/texture/mud_base/mud_cracked_dry_riverbed_002_rough_4k.exr
  artifactKey: Guid(445869afd87bfca41b9426eb468a9960) Importer(815301076,1909f56bfc062723c751e8b465ee728b)
Start importing Assets/texture/mud_base/mud_cracked_dry_riverbed_002_rough_4k.exr using Guid(445869afd87bfca41b9426eb468a9960) Importer(815301076,1909f56bfc062723c751e8b465ee728b)  -> (artifact id: '1fa7f835af352d00baa0dab7bdafd378') in 0.024336 seconds 
Editor requested this worker to shutdown with reason: Scaling down because of idle timeout
AssetImportWorker is now disconnected from the server
Process exiting
Exiting without the bug reporter. Application will terminate with return code 0